<?xml version="1.0" encoding="UTF-8"?>
<testsuite name="com.admin.catalogo.domain.CategoryTest" tests="1" skipped="0" failures="0" errors="0" timestamp="2022-08-12T21:08:36" hostname="SEN001740" time="0.02">
  <properties/>
  <testcase name="testNewCategory()" classname="com.admin.catalogo.domain.CategoryTest" time="0.02"/>
  <system-out><![CDATA[]]></system-out>
  <system-err><![CDATA[]]></system-err>
</testsuite>
